<?xml version="1.0" encoding="UTF-8"?>
<testng-results ignored="0" total="1" passed="1" failed="0" skipped="0">
  <reporter-output>
  </reporter-output>
  <suite started-at="2022-09-14T10:04:37 IST" name="Default suite" finished-at="2022-09-14T10:04:43 IST" duration-ms="6403">
    <groups>
    </groups>
    <test started-at="2022-09-14T10:04:37 IST" name="Default test" finished-at="2022-09-14T10:04:43 IST" duration-ms="6403">
      <class name="com.actitime.testscript.ScreenShot">
        <test-method signature="testScreenShot()[pri:0, instance:com.actitime.testscript.ScreenShot@31e5415e]" started-at="2022-09-14T10:04:37 IST" name="testScreenShot" finished-at="2022-09-14T10:04:43 IST" duration-ms="6346" status="PASS">
          <reporter-output>
          </reporter-output>
        </test-method> <!-- testScreenShot -->
      </class> <!-- com.actitime.testscript.ScreenShot -->
    </test> <!-- Default test -->
  </suite> <!-- Default suite -->
</testng-results>
